2026-06-04 12:03:30,958 [main] INFO  SID=6q48qn133mi3r3a8t24pi0g8m5 e.i.common.util.log.PerformanceLog - STARTING application 'processor'
2026-06-04 12:03:30,987 [main] INFO  SID=6q48qn133mi3r3a8t24pi0g8m5 e.i.common.util.log.PerformanceLog - Starting tool 'checkAndSquash', app-threads: 5, container-threads: 0
2026-06-04 12:03:37,503 [main] INFO  SID=6q48qn133mi3r3a8t24pi0g8m5 e.i.common.util.log.PerformanceLog - IvxvBboxLoader #BALLOTS: 21
2026-06-04 12:03:37,503 [main] INFO  SID=6q48qn133mi3r3a8t24pi0g8m5 e.i.common.util.log.PerformanceLog - IvxvBboxLoader     TIME: 9 ms
2026-06-04 12:03:37,513 [main] INFO  SID=6q48qn133mi3r3a8t24pi0g8m5 e.i.common.util.log.PerformanceLog - IntegrityCheckedImpl #BALLOTS: 21
2026-06-04 12:03:37,513 [main] INFO  SID=6q48qn133mi3r3a8t24pi0g8m5 e.i.common.util.log.PerformanceLog - IntegrityCheckedImpl     TIME: 7 ms
2026-06-04 12:03:40,667 [main] INFO  SID=6q48qn133mi3r3a8t24pi0g8m5 e.i.common.util.log.PerformanceLog - BallotsCheckedImpl #BALLOTS: 21
2026-06-04 12:03:40,667 [main] INFO  SID=6q48qn133mi3r3a8t24pi0g8m5 e.i.common.util.log.PerformanceLog - BallotsCheckedImpl     TIME: 3153 ms
2026-06-04 12:03:40,696 [main] INFO  SID=6q48qn133mi3r3a8t24pi0g8m5 e.i.common.util.log.PerformanceLog - BboxLoaderResultImpl #BALLOTS: 21
2026-06-04 12:03:40,696 [main] INFO  SID=6q48qn133mi3r3a8t24pi0g8m5 e.i.common.util.log.PerformanceLog - BboxLoaderResultImpl     TIME: 27 ms
2026-06-04 12:03:41,099 [main] INFO  SID=6q48qn133mi3r3a8t24pi0g8m5 e.i.common.util.log.PerformanceLog - FINISHED application 'processor', TIME: 10142 ms, SUCCESS: true
2026-06-04 12:04:05,800 [main] INFO  SID=cp2pgchjcd4ns94stfre2nl9tj e.i.common.util.log.PerformanceLog - STARTING application 'processor'
2026-06-04 12:04:05,833 [main] INFO  SID=cp2pgchjcd4ns94stfre2nl9tj e.i.common.util.log.PerformanceLog - Starting tool 'revokeAndAnonymize', app-threads: 5, container-threads: 0
2026-06-04 12:04:12,244 [main] INFO  SID=cp2pgchjcd4ns94stfre2nl9tj e.i.common.util.log.PerformanceLog - FINISHED application 'processor', TIME: 6445 ms, SUCCESS: true
2026-06-04 12:04:35,631 [main] INFO  SID=g30tbcnl2nnhcmomul20ad0io2 e.i.common.util.log.PerformanceLog - STARTING application 'audit'
2026-06-04 12:04:35,640 [main] INFO  SID=g30tbcnl2nnhcmomul20ad0io2 e.i.common.util.log.PerformanceLog - Starting tool 'integrity', app-threads: 5, container-threads: 0
2026-06-04 12:04:41,047 [main] INFO  SID=g30tbcnl2nnhcmomul20ad0io2 e.i.common.util.log.PerformanceLog - FINISHED application 'audit', TIME: 5417 ms, SUCCESS: true
2026-06-04 12:05:06,577 [main] INFO  SID=bqggqulfp85jud3kubqa0icsv3 e.i.common.util.log.PerformanceLog - STARTING application 'key'
2026-06-04 12:05:06,611 [main] INFO  SID=bqggqulfp85jud3kubqa0icsv3 e.i.common.util.log.PerformanceLog - Starting tool 'decrypt', app-threads: 5, container-threads: 0
2026-06-04 12:05:13,366 [main] INFO  SID=bqggqulfp85jud3kubqa0icsv3 e.i.common.util.log.PerformanceLog - FINISHED application 'key', TIME: 6790 ms, SUCCESS: true
